[2019-01-21 15:16:01] api_ebl.INFO: Something interesting happened [] {"uid":"bdc2727"}
[2019-01-21 15:18:32] api_ebl.INFO: Something interesting happened [] {"uid":"e96e21b"}
[2019-01-21 16:15:07] api_ebl.INFO: _Something interesting happened [] {"uid":"a349c01"}
[2019-01-21 16:15:08] api_ebl.INFO: _Something interesting happened [] {"uid":"ba2dab0"}
[2019-01-21 16:29:43] api_ebl.INFO: _Something interesting happened [] {"uid":"cfff804"}
[2019-01-21 17:10:44] api_ebl.INFO: i am inside controller [] {"uid":"f1d317f"}
[2019-01-21 17:14:06] api_ebl.INFO: User Login {"email":"desarrollo@ebiolibros.com","password":"*****","first_name":"Jose","last_name":"Rivas","level":"1","id_type":"3","id_studystage":"1","id_grade":"1","id_scholl":null} {"uid":"d0475c1"}
[2019-01-21 17:16:01] api_ebl.INFO: User Login {"user":null,"sesid":"PHPSESSID=eaoket9ih1f1nm6r06h19583deDISENO04"} {"uid":"ce01415"}
[2019-01-21 17:16:11] api_ebl.INFO: User Login {"user":"1","sesid":"PHPSESSID=eaoket9ih1f1nm6r06h19583deDISENO04"} {"uid":"5ea055d"}
[2019-01-21 17:17:10] api_ebl.INFO: User Login {"user":"31","sesid":"DISENO04"} {"uid":"a03eb55"}
[2019-01-22 10:27:30] api_ebl.INFO: User Login {"user":"32","sesid":"DISENO04"} {"uid":"cd44acc"}
[2019-01-22 15:23:40] api_ebl.INFO: User Login {"user":"1","sesid":"PHPSESSID=eaoket9ih1f1nm6r06h19583deDISENO04"} {"uid":"0eeab3c"}
[2019-01-22 16:29:38] api_ebl.INFO: User Login {"user":"1","sesid":"PHPSESSID=rdg70rhc4tn6i8m4gmatauh511DISENO04"} {"uid":"b9a7a92"}
[2019-01-22 16:30:27] api_ebl.INFO: User Login {"user":"30","sesid":"PHPSESSID=rdg70rhc4tn6i8m4gmatauh511DISENO04"} {"uid":"0b89acd"}
[2019-01-28 15:31:26] api_ebl.INFO: User Login {"user":"1","sesid":"_ga=GA1.1.1903433341.1548262052DISENO04"} {"uid":"5ec7e55"}
[2019-01-28 15:31:57] api_ebl.INFO: User Login {"user":"1","sesid":"_ga=GA1.1.1903433341.1548262052DISENO04"} {"uid":"6bf9b3f"}
[2019-01-28 15:32:02] api_ebl.INFO: User Login {"user":"1","sesid":"_ga=GA1.1.1903433341.1548262052DISENO04"} {"uid":"820034e"}
[2019-01-29 15:00:15] api_ebl.INFO: User Login {"user":"1","sesid":"PHPSESSID=rdg70rhc4tn6i8m4gmatauh511DISENO04"} {"uid":"06efe8e"}
[2019-01-29 18:11:29] api_ebl.INFO: User Login {"user":"1","sesid":"_ga=GA1.1.1903433341.1548262052DISENO04"} {"uid":"920307b"}
[2019-01-30 12:04:58] api_ebl.INFO: User Login {"user":"1","sesid":"PHPSESSID=rdg70rhc4tn6i8m4gmatauh511DISENO04"} {"uid":"289f51e"}
[2019-01-31 12:39:28] api_ebl.INFO: User Login {"user":"2","sesid":"DISENO04"} {"uid":"5c25c73"}
[2019-02-01 11:07:14] api_ebl.INFO: User Login {"user":"2","sesid":"DISENO04"} {"uid":"d9fb591"}
[2019-02-01 17:05:46] api_ebl.INFO: User Login {"user":"1","sesid":"DISENO04"} {"uid":"7d0c7d5"}
[2019-02-01 17:07:50] api_ebl.INFO: User Login {"user":"1","sesid":"DISENO04"} {"uid":"32cc6b3"}
[2019-02-04 10:47:06] api_ebl.INFO: User Login {"user":"2","sesid":"DISENO04"} {"uid":"7f388ed"}
[2019-02-04 18:31:12] api_ebl.INFO: User Login {"user":"1","sesid":"PHPSESSID=rdg70rhc4tn6i8m4gmatauh511DISENO04"} {"uid":"06318f5"}
[2019-02-04 18:33:20] api_ebl.INFO: User Login {"user":"1","sesid":"PHPSESSID=rdg70rhc4tn6i8m4gmatauh511DISENO04"} {"uid":"0ff1d62"}
[2019-02-04 18:34:47] api_ebl.INFO: User Login {"user":"1","sesid":"PHPSESSID=rdg70rhc4tn6i8m4gmatauh511DISENO04"} {"uid":"aee4893"}
[2019-02-04 18:55:51] api_ebl.INFO: User Login {"user":"5","sesid":"DISENO04"} {"uid":"a8ea439"}
[2019-02-04 18:56:22] api_ebl.INFO: User Login {"user":"5","sesid":"DISENO04"} {"uid":"c0120be"}
[2019-02-04 18:56:27] api_ebl.INFO: User Login {"user":"5","sesid":"DISENO04"} {"uid":"dcf27b4"}
[2019-02-04 18:59:14] api_ebl.INFO: User Login {"user":"5","sesid":"DISENO04"} {"uid":"2499540"}
[2019-02-05 12:00:25] api_ebl.INFO: User Login {"user":"2","sesid":"DISENO04"} {"uid":"a77a328"}
[2019-02-05 12:02:30] api_ebl.INFO: User Login {"user":"5","sesid":"DISENO04"} {"uid":"fffe831"}
[2019-02-05 12:07:19] api_ebl.INFO: User Login {"user":"5","sesid":"DISENO04"} {"uid":"d5148dd"}
[2019-02-05 12:07:57] api_ebl.INFO: User Login {"user":"5","sesid":"DISENO04"} {"uid":"1d4e501"}
[2019-02-05 12:08:36] api_ebl.INFO: User Login {"user":"5","sesid":"DISENO04"} {"uid":"b7d40d2"}
[2019-02-05 12:10:05] api_ebl.INFO: User Login {"user":"5","sesid":"DISENO04"} {"uid":"5c6262b"}
[2019-02-05 12:43:09] api_ebl.INFO: User Login {"user":"5","sesid":null} {"uid":"c037ebb"}
[2019-02-05 12:43:55] api_ebl.INFO: User Login {"user":"5","sesid":null} {"uid":"6c5b56f"}
[2019-02-05 12:44:28] api_ebl.INFO: User Login {"user":"5","sesid":"DISENO04"} {"uid":"2186f6e"}
[2019-02-05 14:37:36] api_ebl.INFO: User Login {"user":"2","sesid":"DISENO04"} {"uid":"c9b6990"}
[2019-02-05 14:43:59] api_ebl.INFO: User Login {"user":"5","sesid":"DISENO04"} {"uid":"782c246"}
[2019-02-05 14:55:25] api_ebl.INFO: User Login {"user":"2","sesid":"DISENO04"} {"uid":"4b07a71"}
[2019-02-05 14:55:29] api_ebl.INFO: User Login {"user":"5","sesid":"DISENO04"} {"uid":"8a57fe9"}
[2019-02-05 14:58:38] api_ebl.INFO: User Login {"user":"2","sesid":"DISENO04"} {"uid":"ac899d8"}
[2019-02-05 14:58:44] api_ebl.INFO: User Login {"user":"5","sesid":"DISENO04"} {"uid":"8c7d2c3"}
[2019-02-05 15:00:59] api_ebl.INFO: User Login {"user":"2","sesid":"DISENO04"} {"uid":"d80cc64"}
[2019-02-05 15:01:04] api_ebl.INFO: User Login {"user":"5","sesid":"DISENO04"} {"uid":"824ad6d"}
[2019-02-05 16:41:14] api_ebl.INFO: User Login {"user":"1","sesid":"_ga=GA1.1.1903433341.1548262052DISENO04"} {"uid":"0d918a5"}
[2019-02-06 12:23:12] api_ebl.INFO: User Login {"user":"1","sesid":"_ga=GA1.1.1903433341.1548262052DISENO04"} {"uid":"ea6311b"}
[2019-02-12 17:31:25] api_ebl.INFO: User Login {"user":"1","sesid":"_ga=GA1.1.1903433341.1548262052DISENO04"} {"uid":"6a8f12a"}
[2019-02-12 17:32:30] api_ebl.INFO: User Login {"user":"1","sesid":"_ga=GA1.1.1903433341.1548262052DISENO04"} {"uid":"fa8cb0c"}
[2019-02-12 17:32:40] api_ebl.INFO: User Login {"user":"1","sesid":"_ga=GA1.1.1903433341.1548262052DISENO04"} {"uid":"14d8fad"}
[2019-02-13 11:27:32] api_ebl.INFO: User Login {"user":"2","sesid":"DISENO04"} {"uid":"3933cf5"}
[2019-02-13 15:22:02] api_ebl.INFO: User Login {"user":"1","sesid":"_ga=GA1.1.1903433341.1548262052DISENO04"} {"uid":"7baac55"}
[2019-02-13 15:23:29] api_ebl.INFO: User Login {"user":"1","sesid":"_ga=GA1.1.1903433341.1548262052DISENO04"} {"uid":"6937812"}
[2019-02-13 15:23:48] api_ebl.INFO: User Login {"user":"1","sesid":"_ga=GA1.1.1903433341.1548262052DISENO04"} {"uid":"78df08f"}
[2019-02-13 16:01:15] api_ebl.INFO: User Login {"user":"1","sesid":"_ga=GA1.1.1903433341.1548262052DISENO04"} {"uid":"1e72c69"}
[2019-02-13 16:01:20] api_ebl.INFO: User Login {"user":"1","sesid":"_ga=GA1.1.1903433341.1548262052DISENO04"} {"uid":"39bbeaf"}
[2019-02-13 16:03:20] api_ebl.INFO: User Login {"user":"1","sesid":"_ga=GA1.1.1903433341.1548262052DISENO04"} {"uid":"7a344e5"}
[2019-02-13 16:03:28] api_ebl.INFO: User Login {"user":"1","sesid":"_ga=GA1.1.1903433341.1548262052DISENO04"} {"uid":"db2859a"}
[2019-02-13 16:03:39] api_ebl.INFO: User Login {"user":"1","sesid":"_ga=GA1.1.1903433341.1548262052DISENO04"} {"uid":"00da940"}
[2019-02-13 16:03:43] api_ebl.INFO: User Login {"user":"1","sesid":"_ga=GA1.1.1903433341.1548262052DISENO04"} {"uid":"8aa5642"}
[2019-02-13 16:03:59] api_ebl.INFO: User Login {"user":"1","sesid":"_ga=GA1.1.1903433341.1548262052DISENO04"} {"uid":"d805cd7"}
[2019-02-13 17:01:59] api_ebl.INFO: User Login {"user":"1","sesid":"_ga=GA1.1.1903433341.1548262052DISENO04"} {"uid":"9047e1a"}
[2019-02-13 17:14:47] api_ebl.INFO: User Login {"user":"1","sesid":"_ga=GA1.1.1903433341.1548262052DISENO04"} {"uid":"25cabc3"}
[2019-02-13 17:14:58] api_ebl.INFO: User Login {"user":"1","sesid":"_ga=GA1.1.1903433341.1548262052DISENO04"} {"uid":"c2ef928"}
[2019-02-13 17:21:56] api_ebl.INFO: User Login {"user":"1","sesid":"_ga=GA1.1.1903433341.1548262052DISENO04"} {"uid":"a41e574"}
[2019-02-13 17:22:15] api_ebl.INFO: User Login {"user":"1","sesid":"_ga=GA1.1.1903433341.1548262052DISENO04"} {"uid":"cac2c42"}
[2019-02-13 17:23:01] api_ebl.INFO: User Login {"user":"1","sesid":"_ga=GA1.1.1903433341.1548262052DISENO04"} {"uid":"596eaab"}
[2019-02-13 17:23:34] api_ebl.INFO: User Login {"user":"1","sesid":"_ga=GA1.1.1903433341.1548262052DISENO04"} {"uid":"844ee64"}
[2019-02-13 17:25:10] api_ebl.INFO: User Login {"user":"1","sesid":"_ga=GA1.1.1903433341.1548262052DISENO04"} {"uid":"b637b83"}
[2019-02-13 17:25:13] api_ebl.INFO: User Login {"user":"1","sesid":"_ga=GA1.1.1903433341.1548262052DISENO04"} {"uid":"df7e0e3"}
[2019-02-13 17:45:13] api_ebl.INFO: User Login {"user":"1","sesid":"_ga=GA1.1.1903433341.1548262052DISENO04"} {"uid":"d03f4e9"}
[2019-02-13 17:45:18] api_ebl.INFO: User Login {"user":"1","sesid":"_ga=GA1.1.1903433341.1548262052DISENO04"} {"uid":"8e61bd6"}
[2019-02-13 17:45:24] api_ebl.INFO: User Login {"user":"1","sesid":"_ga=GA1.1.1903433341.1548262052DISENO04"} {"uid":"6d410b1"}
[2019-02-13 17:45:27] api_ebl.INFO: User Login {"user":"1","sesid":"_ga=GA1.1.1903433341.1548262052DISENO04"} {"uid":"8ff70e0"}
[2019-02-13 17:45:52] api_ebl.INFO: User Login {"user":"1","sesid":"_ga=GA1.1.1903433341.1548262052DISENO04"} {"uid":"cc403c3"}
[2019-02-13 17:45:56] api_ebl.INFO: User Login {"user":"1","sesid":"_ga=GA1.1.1903433341.1548262052DISENO04"} {"uid":"20b06eb"}
[2019-02-13 17:46:52] api_ebl.INFO: User Login {"user":"1","sesid":"_ga=GA1.1.1903433341.1548262052DISENO04"} {"uid":"fe3577b"}
[2019-02-13 17:46:53] api_ebl.INFO: User Login {"user":"1","sesid":"_ga=GA1.1.1903433341.1548262052DISENO04"} {"uid":"083854b"}
[2019-02-13 17:48:06] api_ebl.INFO: User Login {"user":"1","sesid":"_ga=GA1.1.1903433341.1548262052DISENO04"} {"uid":"f054f82"}
[2019-02-13 17:48:08] api_ebl.INFO: User Login {"user":"1","sesid":"_ga=GA1.1.1903433341.1548262052DISENO04"} {"uid":"dac9f0b"}
[2019-02-13 17:48:57] api_ebl.INFO: User Login {"user":"1","sesid":"_ga=GA1.1.1903433341.1548262052DISENO04"} {"uid":"7d33846"}
[2019-02-13 17:48:59] api_ebl.INFO: User Login {"user":"1","sesid":"_ga=GA1.1.1903433341.1548262052DISENO04"} {"uid":"3543b54"}
[2019-02-13 17:49:32] api_ebl.INFO: User Login {"user":"1","sesid":"_ga=GA1.1.1903433341.1548262052DISENO04"} {"uid":"a55bc49"}
[2019-02-13 17:49:35] api_ebl.INFO: User Login {"user":"1","sesid":"_ga=GA1.1.1903433341.1548262052DISENO04"} {"uid":"d47557b"}
[2019-02-13 17:50:06] api_ebl.INFO: User Login {"user":"1","sesid":"_ga=GA1.1.1903433341.1548262052DISENO04"} {"uid":"343029d"}
[2019-02-13 17:50:07] api_ebl.INFO: User Login {"user":"1","sesid":"_ga=GA1.1.1903433341.1548262052DISENO04"} {"uid":"9587ca2"}
[2019-02-13 17:50:09] api_ebl.INFO: User Login {"user":"1","sesid":"_ga=GA1.1.1903433341.1548262052DISENO04"} {"uid":"27cffe9"}
[2019-02-13 17:51:09] api_ebl.INFO: User Login {"user":"1","sesid":"_ga=GA1.1.1903433341.1548262052DISENO04"} {"uid":"5c0f9f5"}
[2019-02-13 17:51:11] api_ebl.INFO: User Login {"user":"1","sesid":"_ga=GA1.1.1903433341.1548262052DISENO04"} {"uid":"7d4059b"}
[2019-02-13 17:52:02] api_ebl.INFO: User Login {"user":"1","sesid":"_ga=GA1.1.1903433341.1548262052DISENO04"} {"uid":"7fe0c4f"}
[2019-02-13 17:52:17] api_ebl.INFO: User Login {"user":"1","sesid":"_ga=GA1.1.1903433341.1548262052DISENO04"} {"uid":"a9bef02"}
[2019-02-13 17:52:18] api_ebl.INFO: User Login {"user":"1","sesid":"_ga=GA1.1.1903433341.1548262052DISENO04"} {"uid":"5a0742c"}
[2019-02-13 17:53:02] api_ebl.INFO: User Login {"user":"1","sesid":"_ga=GA1.1.1903433341.1548262052DISENO04"} {"uid":"b14bf26"}
[2019-02-13 17:53:06] api_ebl.INFO: User Login {"user":"1","sesid":"_ga=GA1.1.1903433341.1548262052DISENO04"} {"uid":"f3e06a5"}
[2019-02-13 17:54:07] api_ebl.INFO: User Login {"user":"1","sesid":"_ga=GA1.1.1903433341.1548262052DISENO04"} {"uid":"32d6b7d"}
[2019-02-13 17:54:12] api_ebl.INFO: User Login {"user":"1","sesid":"_ga=GA1.1.1903433341.1548262052DISENO04"} {"uid":"4662dcc"}
[2019-02-13 17:54:18] api_ebl.INFO: User Login {"user":"1","sesid":"_ga=GA1.1.1903433341.1548262052DISENO04"} {"uid":"a5d26b0"}
[2019-02-13 17:54:20] api_ebl.INFO: User Login {"user":"1","sesid":"_ga=GA1.1.1903433341.1548262052DISENO04"} {"uid":"1a6c2b3"}
[2019-02-13 17:55:07] api_ebl.INFO: User Login {"user":"1","sesid":"_ga=GA1.1.1903433341.1548262052DISENO04"} {"uid":"f325183"}
[2019-02-13 17:55:11] api_ebl.INFO: User Login {"user":"1","sesid":"_ga=GA1.1.1903433341.1548262052DISENO04"} {"uid":"b526273"}
[2019-02-13 17:55:15] api_ebl.INFO: User Login {"user":"1","sesid":"_ga=GA1.1.1903433341.1548262052DISENO04"} {"uid":"3769477"}
[2019-02-13 17:55:29] api_ebl.INFO: User Login {"user":"1","sesid":"_ga=GA1.1.1903433341.1548262052DISENO04"} {"uid":"decac35"}
[2019-02-13 17:55:36] api_ebl.INFO: User Login {"user":"1","sesid":"_ga=GA1.1.1903433341.1548262052DISENO04"} {"uid":"8647d55"}
[2019-02-13 18:11:41] api_ebl.INFO: User Login {"user":"1","sesid":"_ga=GA1.1.1903433341.1548262052DISENO04"} {"uid":"c01ef50"}
[2019-02-13 18:11:55] api_ebl.INFO: User Login {"user":"1","sesid":"_ga=GA1.1.1903433341.1548262052DISENO04"} {"uid":"d067c48"}
[2019-02-13 18:11:58] api_ebl.INFO: User Login {"user":"1","sesid":"_ga=GA1.1.1903433341.1548262052DISENO04"} {"uid":"dfaae95"}
[2019-02-13 18:12:08] api_ebl.INFO: User Login {"user":"1","sesid":"_ga=GA1.1.1903433341.1548262052DISENO04"} {"uid":"aed0e92"}
[2019-02-13 18:12:12] api_ebl.INFO: User Login {"user":"1","sesid":"_ga=GA1.1.1903433341.1548262052DISENO04"} {"uid":"8a2ee5a"}
[2019-02-13 18:13:01] api_ebl.INFO: User Login {"user":"1","sesid":"_ga=GA1.1.1903433341.1548262052DISENO04"} {"uid":"301122c"}
[2019-02-13 18:13:18] api_ebl.INFO: User Login {"user":"1","sesid":"_ga=GA1.1.1903433341.1548262052DISENO04"} {"uid":"659c3d2"}
[2019-02-13 18:13:31] api_ebl.INFO: User Login {"user":"1","sesid":"_ga=GA1.1.1903433341.1548262052DISENO04"} {"uid":"2796bdd"}
[2019-02-13 18:13:43] api_ebl.INFO: User Login {"user":"1","sesid":"_ga=GA1.1.1903433341.1548262052DISENO04"} {"uid":"31e3ec7"}
[2019-02-13 18:31:58] api_ebl.INFO: User Login {"user":"1","sesid":"_ga=GA1.1.1903433341.1548262052DISENO04"} {"uid":"aa4c406"}
[2019-02-13 18:32:06] api_ebl.INFO: User Login {"user":"1","sesid":"_ga=GA1.1.1903433341.1548262052DISENO04"} {"uid":"b66cbb6"}
[2019-02-13 18:33:40] api_ebl.INFO: User Login {"user":"1","sesid":"_ga=GA1.1.1903433341.1548262052DISENO04"} {"uid":"f007590"}
[2019-02-14 16:30:52] api_ebl.INFO: User Login {"user":"2","sesid":"DISENO04"} {"uid":"5b748ef"}
[2019-02-14 16:33:56] api_ebl.INFO: User Login {"user":"2","sesid":"DISENO04"} {"uid":"7db6428"}
[2019-02-14 16:33:59] api_ebl.INFO: User Login {"user":"5","sesid":"DISENO04"} {"uid":"19a6f76"}
[2019-02-14 16:39:27] api_ebl.INFO: User Login {"user":"2","sesid":"DISENO04"} {"uid":"7103792"}
[2019-02-14 16:39:30] api_ebl.INFO: User Login {"user":"5","sesid":"DISENO04"} {"uid":"1fc9188"}
[2019-02-14 17:25:24] api_ebl.INFO: User Login {"user":"2","sesid":"DISENO04"} {"uid":"2099e9d"}
[2019-02-14 17:25:25] api_ebl.INFO: User Login {"user":"5","sesid":"DISENO04"} {"uid":"147d790"}
[2019-02-14 17:29:47] api_ebl.INFO: User Login {"user":"2","sesid":"DISENO04"} {"uid":"3a8b094"}
[2019-02-14 17:31:09] api_ebl.INFO: User Login {"user":"5","sesid":"DISENO04"} {"uid":"a0c43b2"}
[2019-02-14 17:32:46] api_ebl.INFO: User Login {"user":"2","sesid":"DISENO04"} {"uid":"d978bdd"}
[2019-02-14 17:50:56] api_ebl.INFO: User Login {"user":"5","sesid":"DISENO04"} {"uid":"b91c18d"}
[2019-02-14 17:51:00] api_ebl.INFO: User Login {"user":"2","sesid":"DISENO04"} {"uid":"3811fe6"}
[2019-02-14 17:51:07] api_ebl.INFO: User Login {"user":"5","sesid":"DISENO04"} {"uid":"4688038"}
[2019-02-14 17:51:10] api_ebl.INFO: User Login {"user":"2","sesid":"DISENO04"} {"uid":"1ddc8b5"}
[2019-02-14 17:57:00] api_ebl.INFO: User Login {"user":"5","sesid":"DISENO04"} {"uid":"e85b79c"}
[2019-02-14 17:58:57] api_ebl.INFO: User Login {"user":"1","sesid":"_ga=GA1.1.1903433341.1548262052DISENO04"} {"uid":"36a17f5"}
[2019-02-14 17:59:07] api_ebl.INFO: User Login {"user":"1","sesid":"_ga=GA1.1.1903433341.1548262052DISENO04"} {"uid":"b926810"}
[2019-02-14 18:03:08] api_ebl.INFO: User Login {"user":"5","sesid":"DISENO04"} {"uid":"ad39065"}
[2019-02-14 18:03:15] api_ebl.INFO: User Login {"user":"5","sesid":"DISENO04"} {"uid":"c2622d4"}
[2019-02-14 18:10:22] api_ebl.INFO: User Login {"user":"5","sesid":"DISENO04"} {"uid":"2f67725"}
[2019-02-14 18:10:25] api_ebl.INFO: User Login {"user":"2","sesid":"DISENO04"} {"uid":"bf9a6db"}
[2019-02-14 18:11:31] api_ebl.INFO: User Login {"user":"5","sesid":"DISENO04"} {"uid":"f7691bb"}
[2019-02-15 10:16:58] api_ebl.INFO: User Login {"user":"2","sesid":"DISENO04"} {"uid":"a522aba"}
[2019-02-15 11:55:27] api_ebl.INFO: User Login {"user":"5","sesid":"DISENO04"} {"uid":"a0fdc5b"}
[2019-02-15 14:32:45] api_ebl.INFO: User Login {"user":"2","sesid":"DISENO04"} {"uid":"e98ff4b"}
[2019-02-15 14:48:36] api_ebl.INFO: User Login {"user":"5","sesid":"DISENO04"} {"uid":"24be4b7"}
[2019-02-19 10:05:31] api_ebl.INFO: User Login {"user":"2","sesid":"DISENO04"} {"uid":"177106a"}
[2019-02-19 10:27:22] api_ebl.INFO: User Login {"user":"5","sesid":"DISENO04"} {"uid":"cbc8f64"}
[2019-02-20 09:36:33] api_ebl.INFO: User Login {"user":"2","sesid":"DISENO04"} {"uid":"8777a32"}
[2019-02-20 09:36:37] api_ebl.INFO: User Login {"user":"5","sesid":"DISENO04"} {"uid":"7c9f460"}
[2019-02-20 14:57:47] api_ebl.INFO: User Login {"user":"1","sesid":"_ga=GA1.1.1903433341.1548262052DISENO04"} {"uid":"5404e59"}
[2019-02-20 17:44:24] api_ebl.INFO: User Login {"user":"1","sesid":"_ga=GA1.1.1903433341.1548262052DISENO04"} {"uid":"3d8f67f"}
[2019-02-21 16:37:20] api_ebl.INFO: User Login {"user":"1","sesid":"_ga=GA1.1.1903433341.1548262052DISENO04"} {"uid":"3e8e8f8"}
[2019-02-21 16:37:24] api_ebl.INFO: User Login {"user":"1","sesid":"_ga=GA1.1.1903433341.1548262052DISENO04"} {"uid":"4063689"}
[2019-02-21 16:53:14] api_ebl.INFO: User Login {"user":"1","sesid":"_ga=GA1.1.1903433341.1548262052DISENO04"} {"uid":"9db8d77"}
[2019-02-21 16:53:36] api_ebl.INFO: User Login {"user":"1","sesid":"_ga=GA1.1.1903433341.1548262052DISENO04"} {"uid":"30deab4"}
[2019-02-21 16:53:52] api_ebl.INFO: User Login {"user":"1","sesid":"_ga=GA1.1.1903433341.1548262052DISENO04"} {"uid":"200156e"}
[2019-02-21 16:53:58] api_ebl.INFO: User Login {"user":"1","sesid":"_ga=GA1.1.1903433341.1548262052DISENO04"} {"uid":"5a2568b"}
[2019-02-21 19:13:24] api_ebl.INFO: User Login {"user":"1","sesid":"_ga=GA1.1.1903433341.1548262052DISENO04"} {"uid":"de302d4"}
[2019-02-21 19:13:28] api_ebl.INFO: User Login {"user":"1","sesid":"_ga=GA1.1.1903433341.1548262052DISENO04"} {"uid":"5bb9c4a"}
[2019-02-21 19:20:50] api_ebl.INFO: User Login {"user":"1","sesid":"_ga=GA1.1.1903433341.1548262052DISENO04"} {"uid":"29781fa"}
[2019-02-21 19:20:50] api_ebl.INFO: User Login {"user":"1","sesid":"_ga=GA1.1.1903433341.1548262052DISENO04"} {"uid":"be2018f"}
[2019-02-21 19:20:50] api_ebl.INFO: User Login {"user":"1","sesid":"_ga=GA1.1.1903433341.1548262052DISENO04"} {"uid":"ee4612b"}
[2019-02-21 19:20:55] api_ebl.INFO: User Login {"user":"1","sesid":"_ga=GA1.1.1903433341.1548262052DISENO04"} {"uid":"749b50f"}
[2019-02-21 19:22:15] api_ebl.INFO: User Login {"user":"1","sesid":"_ga=GA1.1.1903433341.1548262052DISENO04"} {"uid":"db2c199"}
[2019-02-21 19:22:18] api_ebl.INFO: User Login {"user":"1","sesid":"_ga=GA1.1.1903433341.1548262052DISENO04"} {"uid":"ea03be1"}
[2019-02-25 11:31:55] api_ebl.INFO: User Login {"user":"3","sesid":"DISENO04"} {"uid":"520f8e1"}
[2019-02-25 11:46:14] api_ebl.INFO: User Login {"user":"4","sesid":"DISENO04"} {"uid":"2bff6e9"}
[2019-02-25 11:49:19] api_ebl.INFO: User Login {"user":"5","sesid":"DISENO04"} {"uid":"0b5ae79"}
[2019-02-25 11:58:05] api_ebl.INFO: User Login {"user":"1","sesid":"_ga=GA1.1.1903433341.1548262052DISENO04"} {"uid":"6eeedfe"}
[2019-02-25 14:57:25] api_ebl.INFO: User Login {"user":"1","sesid":"_ga=GA1.1.1903433341.1548262052DISENO04"} {"uid":"673159e"}
[2019-02-26 09:20:00] api_ebl.INFO: User Login {"user":"1","sesid":"_ga=GA1.1.1903433341.1548262052DISENO04"} {"uid":"905e163"}
[2019-02-26 09:35:56] api_ebl.INFO: User Login {"user":"1","sesid":"_ga=GA1.1.1903433341.1548262052DISENO04"} {"uid":"87f6e20"}
[2019-02-26 18:08:33] api_ebl.INFO: User Login {"user":"1","sesid":"_ga=GA1.1.1903433341.1548262052DISENO04"} {"uid":"fe34c7a"}
[2019-02-26 18:14:59] api_ebl.INFO: User Login {"user":"1","sesid":"_ga=GA1.1.1903433341.1548262052DISENO04"} {"uid":"1e41461"}
[2019-02-26 18:15:00] api_ebl.INFO: User Login {"user":"1","sesid":"_ga=GA1.1.1903433341.1548262052DISENO04"} {"uid":"df01f9f"}
[2019-02-28 10:44:57] api_ebl.INFO: User Login {"user":"1","sesid":"_ga=GA1.1.1903433341.1548262052DISENO04"} {"uid":"fc310b4"}
[2019-02-28 10:44:59] api_ebl.INFO: User Login {"user":"1","sesid":"_ga=GA1.1.1903433341.1548262052DISENO04"} {"uid":"ea81c44"}
[2019-02-28 16:12:42] api_ebl.INFO: User Login {"user":"1","sesid":"_ga=GA1.1.1903433341.1548262052DISENO04"} {"uid":"e3f4d9a"}
[2019-02-28 16:12:43] api_ebl.INFO: User Login {"user":"1","sesid":"_ga=GA1.1.1903433341.1548262052DISENO04"} {"uid":"fa4a771"}
[2019-03-01 10:19:47] api_ebl.INFO: User Login {"user":"2","sesid":"DISENO04"} {"uid":"1d45d59"}
[2019-03-01 10:25:02] api_ebl.INFO: User Login {"user":"5","sesid":"DISENO04"} {"uid":"1f03f81"}
[2019-03-01 18:03:29] api_ebl.INFO: User Login {"user":"1","sesid":"_ga=GA1.1.1903433341.1548262052DISENO04"} {"uid":"351c98a"}
[2019-03-01 18:03:40] api_ebl.INFO: User Login {"user":"1","sesid":"_ga=GA1.1.1903433341.1548262052DISENO04"} {"uid":"21f4804"}
[2019-03-01 18:24:16] api_ebl.INFO: User Login {"user":"3","sesid":"DISENO04"} {"uid":"3d094c5"}
[2019-03-01 18:24:22] api_ebl.INFO: User Login {"user":"6","sesid":"DISENO04"} {"uid":"c269708"}
[2019-03-01 18:57:29] api_ebl.INFO: User Login {"user":"5","sesid":"DISENO04"} {"uid":"5c8bfcc"}
[2019-03-01 18:57:32] api_ebl.INFO: User Login {"user":"8","sesid":"DISENO04"} {"uid":"1915654"}
[2019-03-04 09:57:34] api_ebl.INFO: User Login {"user":"5","sesid":"DISENO04"} {"uid":"5bd3210"}
[2019-03-04 09:57:37] api_ebl.INFO: User Login {"user":"8","sesid":"DISENO04"} {"uid":"d4db49d"}
[2019-03-04 11:33:45] api_ebl.INFO: User Login {"user":"4","sesid":"DISENO04"} {"uid":"d3eff70"}
[2019-03-04 11:40:52] api_ebl.INFO: User Login {"user":"7","sesid":"DISENO04"} {"uid":"f40971d"}
[2019-03-04 16:05:44] api_ebl.INFO: User Login {"user":"4","sesid":"DISENO04"} {"uid":"eebe137"}
[2019-03-04 16:05:47] api_ebl.INFO: User Login {"user":"7","sesid":"DISENO04"} {"uid":"38fd0b3"}
[2019-03-04 18:08:46] api_ebl.INFO: User Login {"user":"5","sesid":"DISENO04"} {"uid":"0e09c2d"}
[2019-03-04 18:09:50] api_ebl.INFO: User Login {"user":"8","sesid":"DISENO04"} {"uid":"29583b0"}
[2019-03-04 18:17:58] api_ebl.INFO: User Login {"user":"3","sesid":"DISENO04"} {"uid":"ff787f6"}
[2019-03-04 18:18:02] api_ebl.INFO: User Login {"user":"6","sesid":"DISENO04"} {"uid":"336aca9"}
[2019-03-04 18:19:19] api_ebl.INFO: User Login {"user":"3","sesid":"DISENO04"} {"uid":"0ae4bf8"}
[2019-03-04 18:19:21] api_ebl.INFO: User Login {"user":"6","sesid":"DISENO04"} {"uid":"20a30e6"}
[2019-03-04 18:28:43] api_ebl.INFO: User Login {"user":"2","sesid":"DISENO04"} {"uid":"b7186a9"}
[2019-03-04 18:34:46] api_ebl.INFO: User Login {"user":"5","sesid":"DISENO04"} {"uid":"64a0bb2"}
[2019-03-04 18:40:55] api_ebl.INFO: User Login {"user":"2","sesid":"DISENO04"} {"uid":"24e0986"}
[2019-03-04 18:41:02] api_ebl.INFO: User Login {"user":"5","sesid":"DISENO04"} {"uid":"fdf206a"}
[2019-03-04 19:01:24] api_ebl.INFO: User Login {"user":"5","sesid":"DISENO04"} {"uid":"5537d98"}
[2019-03-04 19:01:28] api_ebl.INFO: User Login {"user":"8","sesid":"DISENO04"} {"uid":"7eceb3a"}
[2019-03-05 10:14:38] api_ebl.INFO: User Login {"user":"4","sesid":"DISENO04"} {"uid":"dd862b7"}
[2019-03-05 10:14:46] api_ebl.INFO: User Login {"user":"7","sesid":"DISENO04"} {"uid":"e90e8aa"}
[2019-03-06 17:57:16] api_ebl.INFO: User Login {"user":"1","sesid":"_ga=GA1.1.1903433341.1548262052DISENO04"} {"uid":"e157de2"}
[2019-03-06 18:00:39] api_ebl.INFO: User Login {"user":"1","sesid":"_ga=GA1.1.1903433341.1548262052DISENO04"} {"uid":"eefdab0"}
[2019-03-07 11:14:26] api_ebl.INFO: User Login {"user":"1","sesid":"_ga=GA1.1.1903433341.1548262052DISENO04"} {"uid":"8f2b65c"}
[2019-03-07 11:15:29] api_ebl.INFO: User Login {"user":"1","sesid":"_ga=GA1.1.1903433341.1548262052DISENO04"} {"uid":"72861e4"}
[2019-03-07 15:08:16] api_ebl.INFO: User Login {"user":"1","sesid":"_ga=GA1.1.1903433341.1548262052DISENO04"} {"uid":"7987605"}
[2019-03-07 15:08:21] api_ebl.INFO: User Login {"user":"1","sesid":"_ga=GA1.1.1903433341.1548262052DISENO04"} {"uid":"fa77bd9"}
[2019-03-07 15:08:56] api_ebl.INFO: User Login {"user":"1","sesid":"_ga=GA1.1.1903433341.1548262052DISENO04"} {"uid":"5654a5a"}
[2019-03-07 16:38:16] api_ebl.INFO: User Login {"user":"1","sesid":"_ga=GA1.1.1903433341.1548262052DISENO04"} {"uid":"ed8bcf2"}
[2019-03-07 17:11:34] api_ebl.INFO: User Login {"user":"1","sesid":"_ga=GA1.1.1903433341.1548262052DISENO04"} {"uid":"511eb5e"}
[2019-03-07 17:50:54] api_ebl.INFO: User Login {"user":"8","sesid":"DISENO04"} {"uid":"31db8eb"}
[2019-03-08 10:01:47] api_ebl.INFO: User Login {"user":"8","sesid":"DISENO04"} {"uid":"46e1d22"}
[2019-03-08 10:56:18] api_ebl.INFO: User Login {"user":"8","sesid":"_ga=GA1.1.1903433341.1548262052DISENO04"} {"uid":"3e0d831"}
[2019-03-08 10:57:08] api_ebl.INFO: User Login {"user":"8","sesid":"_ga=GA1.1.1903433341.1548262052DISENO04"} {"uid":"8d2a423"}
[2019-03-08 10:58:20] api_ebl.INFO: User Login {"user":"8","sesid":"_ga=GA1.1.1903433341.1548262052DISENO04"} {"uid":"591753b"}
[2019-03-08 17:47:56] api_ebl.INFO: User Login {"user":"8","sesid":"_ga=GA1.1.1903433341.1548262052DISENO04"} {"uid":"ee822c0"}
[2019-03-08 17:50:05] api_ebl.INFO: User Login {"user":"8","sesid":"_ga=GA1.1.1903433341.1548262052DISENO04"} {"uid":"e906817"}
[2019-03-08 17:50:46] api_ebl.INFO: User Login {"user":"8","sesid":"_ga=GA1.1.1903433341.1548262052DISENO04"} {"uid":"733a9d3"}
[2019-03-08 17:53:25] api_ebl.INFO: User Login {"user":"8","sesid":"_ga=GA1.1.1903433341.1548262052DISENO04"} {"uid":"ba5492e"}
[2019-03-08 17:58:12] api_ebl.INFO: User Login {"user":"8","sesid":"_ga=GA1.1.1903433341.1548262052DISENO04"} {"uid":"3526199"}
[2019-03-08 18:02:23] api_ebl.INFO: User Login {"user":"8","sesid":"_ga=GA1.1.1903433341.1548262052DISENO04"} {"uid":"584e3a7"}
[2019-03-08 18:02:50] api_ebl.INFO: User Login {"user":"1","sesid":"_ga=GA1.1.1903433341.1548262052DISENO04"} {"uid":"4ffbd2b"}
[2019-03-08 18:04:09] api_ebl.INFO: User Login {"user":"8","sesid":"DISENO04"} {"uid":"168e9f5"}
[2019-03-08 18:04:25] api_ebl.INFO: User Login {"user":"8","sesid":"DISENO04"} {"uid":"1bd5ef5"}
[2019-03-08 18:05:06] api_ebl.INFO: User Login {"user":"8","sesid":"DISENO04"} {"uid":"7bb00cc"}
[2019-03-08 18:05:44] api_ebl.INFO: User Login {"user":"8","sesid":"DISENO04"} {"uid":"103a100"}
[2019-03-08 18:07:30] api_ebl.INFO: User Login {"user":"8","sesid":"DISENO04"} {"uid":"8768e54"}
[2019-03-08 18:08:15] api_ebl.INFO: User Login {"user":"8","sesid":"DISENO04"} {"uid":"bbe1a42"}
[2019-03-08 18:09:02] api_ebl.INFO: User Login {"user":"8","sesid":"DISENO04"} {"uid":"dcaa61c"}
[2019-03-08 18:09:24] api_ebl.INFO: User Login {"user":"8","sesid":"DISENO04"} {"uid":"d1d83ec"}
[2019-03-08 18:11:05] api_ebl.INFO: User Login {"user":"8","sesid":"DISENO04"} {"uid":"1222105"}
[2019-03-08 18:18:36] api_ebl.INFO: User Login {"user":"8","sesid":"DISENO04"} {"uid":"b0a0086"}
[2019-03-08 18:20:12] api_ebl.INFO: User Login {"user":"8","sesid":"DISENO04"} {"uid":"e991cad"}
[2019-03-08 18:45:07] api_ebl.INFO: User Login {"user":"8","sesid":"DISENO04"} {"uid":"e16e220"}
[2019-03-08 18:49:37] api_ebl.INFO: User Login {"user":"8","sesid":"DISENO04"} {"uid":"8f7ea79"}
[2019-03-11 10:20:04] api_ebl.INFO: User Login {"user":"8","sesid":"_ga=GA1.1.1903433341.1548262052DISENO04"} {"uid":"50e2123"}
[2019-03-12 12:21:03] api_ebl.INFO: User Login {"user":"9","sesid":"_ga=GA1.1.1903433341.1548262052DISENO04"} {"uid":"402dae3"}
[2019-03-12 12:22:27] api_ebl.INFO: User Login {"user":"9","sesid":"_ga=GA1.1.1903433341.1548262052DISENO04"} {"uid":"8f20abe"}
[2019-03-12 12:25:01] api_ebl.INFO: User Login {"user":"9","sesid":"_ga=GA1.1.1903433341.1548262052DISENO04"} {"uid":"bfe0bc1"}
[2019-03-12 16:11:20] api_ebl.INFO: User Login {"user":"8","sesid":"_ga=GA1.1.1903433341.1548262052DISENO04"} {"uid":"a5f62b4"}
[2019-03-14 15:59:55] api_ebl.INFO: User Login {"user":"10","sesid":"DISENO04"} {"uid":"ac06c53"}
[2019-03-14 16:01:34] api_ebl.INFO: User Login {"user":"10","sesid":"DISENO04"} {"uid":"69beb84"}
[2019-03-14 16:03:18] api_ebl.INFO: User Login {"user":"12","sesid":"DISENO04"} {"uid":"42e7d01"}
[2019-03-14 16:04:37] api_ebl.INFO: User Login {"user":"10","sesid":"DISENO04"} {"uid":"29658cc"}
[2019-03-15 11:13:51] api_ebl.INFO: User Login {"user":"10","sesid":"_ga=GA1.1.1903433341.1548262052DISENO04"} {"uid":"bb42c25"}
[2019-03-15 11:28:02] api_ebl.INFO: User Login {"user":"12","sesid":"_ga=GA1.1.1903433341.1548262052DISENO04"} {"uid":"17bb5c9"}
[2019-03-15 11:36:57] api_ebl.INFO: User Login {"user":"11","sesid":"_ga=GA1.1.1903433341.1548262052DISENO04"} {"uid":"33733a3"}
[2019-03-15 12:56:38] api_ebl.INFO: User Login {"user":"12","sesid":"_ga=GA1.1.1903433341.1548262052DISENO04"} {"uid":"d4738ef"}
[2019-03-15 12:56:43] api_ebl.INFO: User Login {"user":"11","sesid":"_ga=GA1.1.1903433341.1548262052DISENO04"} {"uid":"02dfea8"}
[2019-03-15 18:55:17] api_ebl.INFO: User Login {"user":"10","sesid":"_ga=GA1.1.1903433341.1548262052DISENO04"} {"uid":"0856fdf"}
[2019-03-15 18:55:32] api_ebl.INFO: User Login {"user":"10","sesid":"_ga=GA1.1.1903433341.1548262052DISENO04"} {"uid":"c350544"}
[2019-03-18 10:03:02] api_ebl.INFO: User Login {"user":"10","sesid":"_ga=GA1.1.1903433341.1548262052DISENO04"} {"uid":"eb1a035"}
[2019-03-18 10:04:13] api_ebl.INFO: User Login {"user":"12","sesid":"DISENO04"} {"uid":"accc36a"}
[2019-03-18 10:04:16] api_ebl.INFO: User Login {"user":"11","sesid":"DISENO04"} {"uid":"020f766"}
[2019-03-18 10:06:07] api_ebl.INFO: User Login {"user":"10","sesid":"_ga=GA1.1.1903433341.1548262052DISENO04"} {"uid":"9685ad5"}
[2019-03-18 10:12:57] api_ebl.INFO: User Login {"user":"10","sesid":"_ga=GA1.1.1903433341.1548262052DISENO04"} {"uid":"bb42a57"}
[2019-03-18 10:13:02] api_ebl.INFO: User Login {"user":"10","sesid":"_ga=GA1.1.1903433341.1548262052DISENO04"} {"uid":"b646641"}
[2019-03-18 15:07:28] api_ebl.INFO: User Login {"user":"10","sesid":"_ga=GA1.1.1903433341.1548262052DISENO04"} {"uid":"4697639"}
[2019-03-18 15:07:34] api_ebl.INFO: User Login {"user":"10","sesid":"_ga=GA1.1.1903433341.1548262052DISENO04"} {"uid":"0d60421"}
[2019-03-18 16:46:30] api_ebl.INFO: User Login {"user":"8","sesid":"_ga=GA1.1.1903433341.1548262052DISENO04"} {"uid":"959c256"}
[2019-03-18 18:05:07] api_ebl.INFO: User Login {"user":"13","sesid":"DISENO04"} {"uid":"bc26348"}
[2019-03-18 18:06:58] api_ebl.INFO: User Login {"user":"14","sesid":"DISENO04"} {"uid":"c1729a7"}
[2019-03-20 14:49:17] api_ebl.INFO: User Login {"user":"13","sesid":"_ga=GA1.1.1903433341.1548262052DISENO04"} {"uid":"9a86b1f"}
[2019-03-20 14:56:18] api_ebl.INFO: User Login {"user":"13","sesid":"DISENO04"} {"uid":"5ed7459"}
[2019-03-20 14:56:22] api_ebl.INFO: User Login {"user":"13","sesid":"DISENO04"} {"uid":"7ff9f6e"}
[2019-03-20 14:57:32] api_ebl.INFO: User Login {"user":"14","sesid":"DISENO04"} {"uid":"35e0cff"}
[2019-03-20 14:58:28] api_ebl.INFO: User Login {"user":"14","sesid":"DISENO04"} {"uid":"1fe685e"}
[2019-03-20 14:59:20] api_ebl.INFO: User Login {"user":"13","sesid":"_ga=GA1.1.1903433341.1548262052DISENO04"} {"uid":"a4fedd6"}
[2019-03-22 17:58:17] api_ebl.INFO: User Login {"user":"14","sesid":"DISENO04"} {"uid":"6522223"}
[2019-03-22 17:59:26] api_ebl.INFO: User Login {"user":"14","sesid":"DISENO04"} {"uid":"ecbbe3a"}
[2019-03-25 09:10:51] api_ebl.INFO: User Login {"user":"13","sesid":"_ga=GA1.1.1903433341.1548262052DISENO04"} {"uid":"097dcf9"}
[2019-03-25 12:13:22] api_ebl.INFO: User Login {"user":"13","sesid":"_ga=GA1.1.1903433341.1548262052DISENO04"} {"uid":"48de0c4"}
[2019-03-25 12:13:31] api_ebl.INFO: User Login {"user":"13","sesid":"_ga=GA1.1.1903433341.1548262052DISENO04"} {"uid":"3047e60"}
[2019-03-25 12:55:53] api_ebl.INFO: User Login {"user":"14","sesid":"DISENO04"} {"uid":"1eae273"}
[2019-03-25 12:56:14] api_ebl.INFO: User Login {"user":"14","sesid":"DISENO04"} {"uid":"f0be6d9"}
[2019-03-26 18:41:11] api_ebl.INFO: User Login {"user":"15","sesid":"DISENO04"} {"uid":"9c64a01"}
[2019-03-26 18:41:23] api_ebl.INFO: User Login {"user":"15","sesid":"DISENO04"} {"uid":"6a75dad"}
[2019-03-26 18:41:35] api_ebl.INFO: User Login {"user":"13","sesid":"DISENO04"} {"uid":"edebb61"}
[2019-03-26 18:41:56] api_ebl.INFO: User Login {"user":"14","sesid":"DISENO04"} {"uid":"5d01a87"}
[2019-03-26 19:12:22] api_ebl.INFO: User Login {"user":"13","sesid":"DISENO04"} {"uid":"83a5a07"}
[2019-03-26 19:38:54] api_ebl.INFO: User Login {"user":"13","sesid":"_ga=GA1.1.1903433341.1548262052DISENO04"} {"uid":"1d511b5"}
[2019-03-26 19:39:17] api_ebl.INFO: User Login {"user":"13","sesid":"_ga=GA1.1.1903433341.1548262052DISENO04"} {"uid":"3fcefe8"}
[2019-03-26 19:39:17] api_ebl.INFO: User Login {"user":"13","sesid":"_ga=GA1.1.1903433341.1548262052DISENO04"} {"uid":"ca4bd72"}
[2019-03-26 19:39:18] api_ebl.INFO: User Login {"user":"13","sesid":"_ga=GA1.1.1903433341.1548262052DISENO04"} {"uid":"16e8941"}
[2019-03-26 19:39:18] api_ebl.INFO: User Login {"user":"13","sesid":"_ga=GA1.1.1903433341.1548262052DISENO04"} {"uid":"9eadede"}
[2019-03-26 19:40:34] api_ebl.INFO: User Login {"user":"1","sesid":"_ga=GA1.1.1903433341.1548262052DISENO04"} {"uid":"b12f2d3"}
[2019-03-26 19:40:44] api_ebl.INFO: User Login {"user":"1","sesid":"_ga=GA1.1.1903433341.1548262052DISENO04"} {"uid":"2227c23"}
[2019-03-26 19:46:02] api_ebl.INFO: User Login {"user":"1","sesid":"_ga=GA1.1.1903433341.1548262052DISENO04"} {"uid":"1b8a69e"}
[2019-03-26 19:46:06] api_ebl.INFO: User Login {"user":"1","sesid":"_ga=GA1.1.1903433341.1548262052DISENO04"} {"uid":"985d2fd"}
[2019-03-27 16:01:19] api_ebl.INFO: User Login {"user":"1","sesid":"_ga=GA1.1.1903433341.1548262052DISENO04"} {"uid":"accf2bf"}
[2019-03-27 16:01:42] api_ebl.INFO: User Login {"user":"13","sesid":"_ga=GA1.1.1903433341.1548262052DISENO04"} {"uid":"9780bcc"}
[2019-03-27 16:01:47] api_ebl.INFO: User Login {"user":"13","sesid":"_ga=GA1.1.1903433341.1548262052DISENO04"} {"uid":"deb8046"}
[2019-03-29 12:29:38] api_ebl.INFO: User Login {"user":"1","sesid":"_ga=GA1.1.1903433341.1548262052DISENO04"} {"uid":"8fee809"}
[2019-03-29 12:31:45] api_ebl.INFO: User Login {"user":"1","sesid":"_ga=GA1.1.1903433341.1548262052DISENO04"} {"uid":"f14fe2b"}
[2019-04-01 17:50:13] api_ebl.INFO: User Login {"user":"2","sesid":"DISENO04"} {"uid":"8f30ad9"}
[2019-04-02 08:47:33] api_ebl.INFO: User Login {"user":"1","sesid":"_ga=GA1.1.1903433341.1548262052DISENO04"} {"uid":"c2a3d55"}
[2019-04-02 09:00:31] api_ebl.INFO: User Login {"user":"1","sesid":"_ga=GA1.1.1903433341.1548262052DISENO04"} {"uid":"59feb1f"}
[2019-04-02 09:51:43] api_ebl.INFO: User Login {"user":"1","sesid":"_ga=GA1.1.1903433341.1548262052DISENO04"} {"uid":"f14ad89"}
[2019-04-02 10:20:45] api_ebl.INFO: User Login {"user":"1","sesid":"_ga=GA1.1.1903433341.1548262052DISENO04"} {"uid":"72f7b73"}
[2019-04-02 10:20:52] api_ebl.INFO: User Login {"user":"1","sesid":"_ga=GA1.1.1903433341.1548262052DISENO04"} {"uid":"8c37c91"}
[2019-04-02 15:29:59] api_ebl.INFO: User Login {"user":"13","sesid":"_ga=GA1.1.1903433341.1548262052DISENO04"} {"uid":"d4c2513"}
[2019-04-02 15:30:09] api_ebl.INFO: User Login {"user":"13","sesid":"_ga=GA1.1.1903433341.1548262052DISENO04"} {"uid":"764faac"}
[2019-04-03 12:17:59] api_ebl.INFO: User Login {"user":"13","sesid":"_ga=GA1.1.1903433341.1548262052DISENO04"} {"uid":"66add83"}
[2019-04-03 12:24:21] api_ebl.INFO: User Login {"user":"13","sesid":"_ga=GA1.1.1903433341.1548262052DISENO04"} {"uid":"f96cea6"}
[2019-04-03 17:57:16] api_ebl.INFO: User Login {"user":"13","sesid":"_ga=GA1.1.1903433341.1548262052DISENO04"} {"uid":"b602c9a"}
[2019-04-04 10:14:49] api_ebl.INFO: User Login {"user":"13","sesid":"_ga=GA1.1.1903433341.1548262052DISENO04"} {"uid":"0bc949f"}
[2019-04-04 10:15:11] api_ebl.INFO: User Login {"user":"13","sesid":"_ga=GA1.1.1903433341.1548262052DISENO04"} {"uid":"ac175ef"}
[2019-04-04 12:03:35] api_ebl.INFO: User Login {"user":"13","sesid":"_ga=GA1.1.1903433341.1548262052DISENO04"} {"uid":"c3f5e58"}
[2019-04-04 12:04:09] api_ebl.INFO: User Login {"user":"13","sesid":"_ga=GA1.1.1903433341.1548262052DISENO04"} {"uid":"3987974"}
[2019-04-04 12:07:00] api_ebl.INFO: User Login {"user":"13","sesid":"_ga=GA1.1.1903433341.1548262052DISENO04"} {"uid":"774a870"}
[2019-04-04 12:31:42] api_ebl.INFO: User Login {"user":"13","sesid":"_ga=GA1.1.1903433341.1548262052DISENO04"} {"uid":"f633f15"}
[2019-04-04 12:31:58] api_ebl.INFO: User Login {"user":"13","sesid":"_ga=GA1.1.1903433341.1548262052DISENO04"} {"uid":"2b93b5a"}
[2019-04-04 12:32:53] api_ebl.INFO: User Login {"user":"13","sesid":"_ga=GA1.1.1903433341.1548262052DISENO04"} {"uid":"a5dc1fd"}
[2019-04-04 12:44:57] api_ebl.INFO: User Login {"user":"13","sesid":"_ga=GA1.1.1903433341.1548262052DISENO04"} {"uid":"748c477"}
[2019-04-04 12:46:24] api_ebl.INFO: User Login {"user":"13","sesid":"_ga=GA1.1.1903433341.1548262052DISENO04"} {"uid":"c4acf52"}
[2019-04-04 16:10:46] api_ebl.INFO: User Login {"user":"8","sesid":"PHPSESSID=rdg70rhc4tn6i8m4gmatauh511DISENO04"} {"uid":"d8af156"}
[2019-04-05 09:38:16] api_ebl.INFO: User Login {"user":"13","sesid":"_ga=GA1.1.1903433341.1548262052DISENO04"} {"uid":"989127c"}
[2019-04-05 12:36:25] api_ebl.INFO: User Login {"user":"8","sesid":"_ga=GA1.1.1903433341.1548262052DISENO04"} {"uid":"7ac666e"}
[2019-04-08 14:36:17] api_ebl.INFO: User Login {"user":"8","sesid":"DISENO04"} {"uid":"e5f4f2c"}
[2019-04-09 09:18:53] api_ebl.INFO: User Login {"user":"1","sesid":"DISENO04"} {"uid":"a588664"}
[2019-04-09 10:32:04] api_ebl.INFO: User Login {"user":"1","sesid":"DISENO04"} {"uid":"1a46ea8"}
[2019-04-09 10:49:19] api_ebl.INFO: User Login {"user":"1","sesid":"DISENO04"} {"uid":"e9164a5"}
[2019-04-09 10:49:57] api_ebl.INFO: User Login {"user":"1","sesid":"DISENO04"} {"uid":"5de8ed2"}
[2019-04-09 12:51:41] api_ebl.INFO: User Login {"user":"1","sesid":"DISENO04"} {"uid":"f24d8df"}
[2019-04-09 12:52:27] api_ebl.INFO: User Login {"user":"8","sesid":"DISENO04"} {"uid":"3cd9d4e"}
[2019-04-09 15:21:38] api_ebl.INFO: User Login {"user":"16","sesid":"DISENO04"} {"uid":"fc224e2"}
[2019-04-09 18:43:10] api_ebl.INFO: User Login {"user":"2","sesid":"DISENO04"} {"uid":"ea2db14"}
[2019-04-09 18:43:37] api_ebl.INFO: User Login {"user":"5","sesid":"DISENO04"} {"uid":"6a96eb3"}
[2019-04-09 18:43:52] api_ebl.INFO: User Login {"user":"2","sesid":"DISENO04"} {"uid":"e1c4e4a"}
[2019-04-09 19:02:14] api_ebl.INFO: User Login {"user":"5","sesid":"DISENO04"} {"uid":"94710c4"}
[2019-04-10 09:44:34] api_ebl.INFO: User Login {"user":"2","sesid":"DISENO04"} {"uid":"74d9191"}
[2019-04-10 09:50:46] api_ebl.INFO: User Login {"user":"13","sesid":"DISENO04"} {"uid":"40a678f"}
[2019-04-10 11:24:11] api_ebl.INFO: User Login {"user":"17","sesid":"DISENO04"} {"uid":"13628ef"}
[2019-04-11 18:32:43] api_ebl.INFO: User Login {"user":"14","sesid":"DISENO04"} {"uid":"2227326"}
[2019-04-11 18:33:57] api_ebl.INFO: User Login {"user":"18","sesid":"DISENO04"} {"uid":"6a13f40"}
[2019-04-11 19:02:45] api_ebl.INFO: User Login {"user":"16","sesid":"DISENO04"} {"uid":"0c96260"}
[2019-04-11 19:02:47] api_ebl.INFO: User Login {"user":"18","sesid":"DISENO04"} {"uid":"45d268a"}
[2019-04-11 19:05:01] api_ebl.INFO: User Login {"user":"16","sesid":"DISENO04"} {"uid":"be1ea06"}
[2019-04-12 08:27:22] api_ebl.INFO: User Login {"user":"18","sesid":"DISENO04"} {"uid":"2e305b6"}
[2019-04-12 08:38:27] api_ebl.INFO: User Login {"user":"16","sesid":"DISENO04"} {"uid":"c72253f"}
[2019-04-15 15:14:04] api_ebl.INFO: User Login {"user":"18","sesid":"PROGRAMACION01"} {"uid":"27160e1"}
[2019-04-15 15:14:16] api_ebl.INFO: User Login {"user":"16","sesid":"PROGRAMACION01"} {"uid":"2edcb85"}
[2019-04-16 09:15:19] api_ebl.INFO: User Login {"user":"18","sesid":"PROGRAMACION01"} {"uid":"e2ee13d"}
[2019-04-16 09:46:12] api_ebl.INFO: User Login {"user":"16","sesid":"PROGRAMACION01"} {"uid":"a4259b8"}
[2019-04-16 09:48:05] api_ebl.INFO: User Login {"user":"2","sesid":"PROGRAMACION01"} {"uid":"4ef619c"}
[2019-04-16 09:55:51] api_ebl.INFO: User Login {"user":"5","sesid":"PROGRAMACION01"} {"uid":"902194b"}
[2019-04-22 12:43:07] api_ebl.INFO: User Login {"user":"2","sesid":"PROGRAMACION01"} {"uid":"3474738"}
[2019-04-22 12:43:30] api_ebl.INFO: User Login {"user":"5","sesid":"PROGRAMACION01"} {"uid":"909904a"}
[2019-04-22 12:45:52] api_ebl.INFO: User Login {"user":"2","sesid":"PROGRAMACION01"} {"uid":"043ac87"}
[2019-04-22 12:45:58] api_ebl.INFO: User Login {"user":"5","sesid":"PROGRAMACION01"} {"uid":"0ecd8ca"}
[2019-04-22 12:46:22] api_ebl.INFO: User Login {"user":"2","sesid":"PROGRAMACION01"} {"uid":"b3a9e03"}
[2019-04-22 13:00:46] api_ebl.INFO: User Login {"user":"5","sesid":"PROGRAMACION01"} {"uid":"9b96829"}
[2019-04-25 11:08:07] api_ebl.INFO: User Login {"user":"2","sesid":"PROGRAMACION01"} {"uid":"9691ba3"}
[2019-04-25 11:08:36] api_ebl.INFO: User Login {"user":"5","sesid":"PROGRAMACION01"} {"uid":"afbae26"}
[2019-04-25 17:19:19] api_ebl.INFO: User Login {"user":"2","sesid":"PROGRAMACION01"} {"uid":"a687ee2"}
[2019-04-25 17:19:23] api_ebl.INFO: User Login {"user":"5","sesid":"PROGRAMACION01"} {"uid":"a617dc6"}
[2019-04-30 09:24:26] api_ebl.INFO: User Login {"user":"2","sesid":"PROGRAMACION01"} {"uid":"1f1eff0"}
[2019-04-30 09:34:14] api_ebl.INFO: User Login {"user":"5","sesid":"PROGRAMACION01"} {"uid":"bbafcc7"}
[2019-04-30 15:56:21] api_ebl.INFO: User Login {"user":"2","sesid":"PROGRAMACION01"} {"uid":"d2e6bec"}
[2019-04-30 15:56:25] api_ebl.INFO: User Login {"user":"5","sesid":"PROGRAMACION01"} {"uid":"a16bb0a"}
[2019-04-30 15:59:11] api_ebl.INFO: User Login {"user":"2","sesid":"PROGRAMACION01"} {"uid":"3768f91"}
[2019-04-30 16:25:13] api_ebl.INFO: User Login {"user":"5","sesid":"PROGRAMACION01"} {"uid":"ca36220"}
[2019-04-30 16:27:31] api_ebl.INFO: User Login {"user":"2","sesid":"PROGRAMACION01"} {"uid":"f83cc5d"}
[2019-04-30 16:48:19] api_ebl.INFO: User Login {"user":"5","sesid":"PROGRAMACION01"} {"uid":"4e6f23b"}
[2019-05-02 15:26:30] api_ebl.INFO: User Login {"user":"2","sesid":"PROGRAMACION01"} {"uid":"c5ef7fd"}
[2019-05-02 15:26:35] api_ebl.INFO: User Login {"user":"5","sesid":"PROGRAMACION01"} {"uid":"ca20eb1"}
[2019-05-02 15:32:26] api_ebl.INFO: User Login {"user":"1","sesid":"PROGRAMACION01"} {"uid":"8081b0f"}
[2019-05-02 15:37:08] api_ebl.INFO: User Login {"user":"1","sesid":"PROGRAMACION01"} {"uid":"cf53140"}
[2019-05-02 17:17:19] api_ebl.INFO: User Login {"user":"1","sesid":"PROGRAMACION01"} {"uid":"584f144"}
[2019-05-02 17:17:23] api_ebl.INFO: User Login {"user":"1","sesid":"PROGRAMACION01"} {"uid":"953aa3c"}
[2019-05-02 17:17:26] api_ebl.INFO: User Login {"user":"1","sesid":"PROGRAMACION01"} {"uid":"9a30ae5"}
[2019-05-03 10:51:12] api_ebl.INFO: User Login {"user":"1","sesid":"PROGRAMACION01"} {"uid":"3720aa0"}
[2019-05-03 10:53:10] api_ebl.INFO: User Login {"user":"1","sesid":"PROGRAMACION01"} {"uid":"0288555"}
[2019-05-03 12:08:15] api_ebl.INFO: User Login {"user":"2","sesid":"PROGRAMACION01"} {"uid":"1a51e82"}
[2019-05-03 12:15:40] api_ebl.INFO: User Login {"user":"5","sesid":"PROGRAMACION01"} {"uid":"db1cbd9"}
[2019-05-03 14:55:30] api_ebl.INFO: User Login {"user":"2","sesid":"PROGRAMACION01"} {"uid":"169b118"}
[2019-05-03 15:41:37] api_ebl.INFO: User Login {"user":"5","sesid":"PROGRAMACION01"} {"uid":"1d80e27"}
[2019-05-03 16:36:24] api_ebl.INFO: User Login {"user":"2","sesid":"PROGRAMACION01"} {"uid":"6adaee7"}
[2019-05-03 16:36:28] api_ebl.INFO: User Login {"user":"5","sesid":"PROGRAMACION01"} {"uid":"aacd4a0"}
[2019-05-06 09:13:46] api_ebl.INFO: User Login {"user":"2","sesid":"PROGRAMACION01"} {"uid":"c6e24f9"}
[2019-05-06 09:13:50] api_ebl.INFO: User Login {"user":"5","sesid":"PROGRAMACION01"} {"uid":"6ca05f5"}
[2019-05-06 12:17:25] api_ebl.INFO: User Login {"user":"2","sesid":"PROGRAMACION01"} {"uid":"c49235e"}
[2019-05-06 12:17:29] api_ebl.INFO: User Login {"user":"5","sesid":"PROGRAMACION01"} {"uid":"d359a2d"}
[2019-05-06 17:21:22] api_ebl.INFO: User Login {"user":"4","sesid":"PROGRAMACION01"} {"uid":"f7dd563"}
[2019-05-06 17:21:27] api_ebl.INFO: User Login {"user":"7","sesid":"PROGRAMACION01"} {"uid":"4411bde"}
[2019-05-06 17:29:39] api_ebl.INFO: User Login {"user":"5","sesid":"PROGRAMACION01"} {"uid":"32f8612"}
[2019-05-06 17:32:11] api_ebl.INFO: User Login {"user":"8","sesid":"PROGRAMACION01"} {"uid":"7360c70"}
[2019-05-07 09:23:39] api_ebl.INFO: User Login {"user":"4","sesid":"PROGRAMACION01"} {"uid":"69dd302"}
[2019-05-07 09:29:36] api_ebl.INFO: User Login {"user":"5","sesid":"PROGRAMACION01"} {"uid":"84af4f1"}
[2019-05-07 09:44:27] api_ebl.INFO: User Login {"user":"8","sesid":"PROGRAMACION01"} {"uid":"56a4536"}
[2019-05-08 09:22:52] api_ebl.INFO: User Login {"user":"2","sesid":"PROGRAMACION01"} {"uid":"48afc14"}
[2019-05-08 09:46:01] api_ebl.INFO: User Login {"user":"5","sesid":"PROGRAMACION01"} {"uid":"c2c9ae5"}
[2019-05-08 09:54:27] api_ebl.INFO: User Login {"user":"5","sesid":"_ga=GA1.1.1903433341.1548262052PROGRAMACION01"} {"uid":"1bc6a91"}
[2019-05-08 14:37:21] api_ebl.INFO: User Login {"user":"2","sesid":"PROGRAMACION01"} {"uid":"36f33c9"}
[2019-05-08 15:19:21] api_ebl.INFO: User Login {"user":"1","sesid":"PROGRAMACION01"} {"uid":"4d9c6b2"}
[2019-05-08 17:14:54] api_ebl.INFO: User Login {"user":"1","sesid":"PROGRAMACION01"} {"uid":"ae455da"}
[2019-05-08 17:15:43] api_ebl.INFO: User Login {"user":"1","sesid":"PROGRAMACION01"} {"uid":"98651a3"}
[2019-05-08 17:18:39] api_ebl.INFO: User Login {"user":"1","sesid":"PROGRAMACION01"} {"uid":"7022b0e"}
[2019-05-08 17:19:30] api_ebl.INFO: User Login {"user":"1","sesid":"PROGRAMACION01"} {"uid":"6032e15"}
[2019-05-08 17:19:31] api_ebl.INFO: User Login {"user":"1","sesid":"PROGRAMACION01"} {"uid":"df6d3aa"}
[2019-05-08 17:19:38] api_ebl.INFO: User Login {"user":"1","sesid":"PROGRAMACION01"} {"uid":"693ad9e"}
[2019-05-08 17:30:40] api_ebl.INFO: User Login {"user":"1","sesid":"PROGRAMACION01"} {"uid":"a3b5dfc"}
[2019-05-08 17:38:12] api_ebl.INFO: User Login {"user":"5","sesid":"PROGRAMACION01"} {"uid":"8da900f"}
[2019-05-09 09:46:12] api_ebl.INFO: User Login {"user":"1","sesid":"PROGRAMACION01"} {"uid":"2378d5a"}
[2019-05-09 09:47:04] api_ebl.INFO: User Login {"user":"1","sesid":"PROGRAMACION01"} {"uid":"76391f1"}
[2019-05-09 12:06:37] api_ebl.INFO: User Login {"user":"5","sesid":"PROGRAMACION01"} {"uid":"d36170c"}
[2019-05-09 12:18:31] api_ebl.INFO: User Login {"user":"8","sesid":"PROGRAMACION01"} {"uid":"766c468"}
[2019-05-09 14:22:31] api_ebl.INFO: User Login {"user":"19","sesid":"PROGRAMACION01"} {"uid":"18442b6"}
[2019-05-09 14:37:58] api_ebl.INFO: User Login {"user":"17","sesid":"PROGRAMACION01"} {"uid":"1725b37"}
[2019-05-09 14:38:31] api_ebl.INFO: User Login {"user":"19","sesid":"PROGRAMACION01"} {"uid":"f7216c9"}
[2019-05-09 14:38:41] api_ebl.INFO: User Login {"user":"17","sesid":"PROGRAMACION01"} {"uid":"70fe505"}
[2019-05-09 15:09:59] api_ebl.INFO: User Login {"user":"19","sesid":"PROGRAMACION01"} {"uid":"304bdc1"}
[2019-05-09 15:19:12] api_ebl.INFO: User Login {"user":"17","sesid":"PROGRAMACION01"} {"uid":"046e65d"}
[2019-05-09 15:21:12] api_ebl.INFO: User Login {"user":"20","sesid":"PROGRAMACION01"} {"uid":"d24e2be"}
[2019-05-09 15:21:34] api_ebl.INFO: User Login {"user":"18","sesid":"PROGRAMACION01"} {"uid":"0e9cf49"}
[2019-05-09 15:29:01] api_ebl.INFO: User Login {"user":"19","sesid":"PROGRAMACION01"} {"uid":"3a4a5e4"}
[2019-05-09 15:29:05] api_ebl.INFO: User Login {"user":"17","sesid":"PROGRAMACION01"} {"uid":"5f8b468"}
[2019-05-09 15:33:09] api_ebl.INFO: User Login {"user":"20","sesid":"PROGRAMACION01"} {"uid":"d580fbd"}
[2019-05-09 15:33:14] api_ebl.INFO: User Login {"user":"18","sesid":"PROGRAMACION01"} {"uid":"bbceaae"}
[2019-05-09 15:34:07] api_ebl.INFO: User Login {"user":"19","sesid":"PROGRAMACION01"} {"uid":"bfc3697"}
[2019-05-09 15:34:09] api_ebl.INFO: User Login {"user":"17","sesid":"PROGRAMACION01"} {"uid":"d8964df"}
[2019-05-09 15:45:26] api_ebl.INFO: User Login {"user":"8","sesid":"PROGRAMACION01"} {"uid":"757c321"}
[2019-05-09 18:21:53] api_ebl.INFO: User Login {"user":"19","sesid":"PROGRAMACION01"} {"uid":"73c7da6"}
[2019-05-09 18:22:07] api_ebl.INFO: User Login {"user":"17","sesid":"PROGRAMACION01"} {"uid":"906ef49"}
[2019-05-09 18:43:32] api_ebl.INFO: User Login {"user":"19","sesid":"PROGRAMACION01"} {"uid":"a74e774"}
[2019-05-09 18:45:55] api_ebl.INFO: User Login {"user":"17","sesid":"PROGRAMACION01"} {"uid":"ece4c92"}
[2019-05-09 19:20:44] api_ebl.INFO: User Login {"user":"19","sesid":"PROGRAMACION01"} {"uid":"19a189b"}
[2019-05-09 19:20:48] api_ebl.INFO: User Login {"user":"17","sesid":"PROGRAMACION01"} {"uid":"3523f9f"}
[2019-05-13 08:34:02] api_ebl.INFO: User Login {"user":"19","sesid":"PROGRAMACION01"} {"uid":"e82ac9f"}
[2019-05-13 08:49:42] api_ebl.INFO: User Login {"user":"2","sesid":"PROGRAMACION01"} {"uid":"314d02e"}
[2019-05-13 08:49:48] api_ebl.INFO: User Login {"user":"5","sesid":"PROGRAMACION01"} {"uid":"fb010fe"}
[2019-05-13 08:57:52] api_ebl.INFO: User Login {"user":"2","sesid":"PROGRAMACION01"} {"uid":"1aa95e2"}
[2019-05-13 08:58:19] api_ebl.INFO: User Login {"user":"1","sesid":"PROGRAMACION01"} {"uid":"165b33b"}
[2019-05-13 08:58:24] api_ebl.INFO: User Login {"user":"1","sesid":"PROGRAMACION01"} {"uid":"e1664b4"}
[2019-05-13 09:10:21] api_ebl.INFO: User Login {"user":"5","sesid":"PROGRAMACION01"} {"uid":"ee48f25"}
[2019-05-13 12:13:40] api_ebl.INFO: User Login {"user":"1","sesid":"PROGRAMACION01"} {"uid":"f2d6648"}
[2019-05-13 12:14:04] api_ebl.INFO: User Login {"user":"1","sesid":"PROGRAMACION01"} {"uid":"3427dc2"}
[2019-05-13 12:14:06] api_ebl.INFO: User Login {"user":"1","sesid":"PROGRAMACION01"} {"uid":"417c7ff"}
[2019-05-13 12:14:10] api_ebl.INFO: User Login {"user":"1","sesid":"PROGRAMACION01"} {"uid":"2998968"}
[2019-05-13 12:14:12] api_ebl.INFO: User Login {"user":"1","sesid":"PROGRAMACION01"} {"uid":"6304079"}
[2019-05-13 12:14:16] api_ebl.INFO: User Login {"user":"1","sesid":"PROGRAMACION01"} {"uid":"874a616"}
[2019-05-13 12:14:16] api_ebl.INFO: User Login {"user":"1","sesid":"PROGRAMACION01"} {"uid":"8417c5c"}
[2019-05-13 12:18:16] api_ebl.INFO: User Login {"user":"1","sesid":"PROGRAMACION01"} {"uid":"aa49e22"}
[2019-05-13 12:18:18] api_ebl.INFO: User Login {"user":"1","sesid":"PROGRAMACION01"} {"uid":"566ea25"}
[2019-05-13 12:18:26] api_ebl.INFO: User Login {"user":"1","sesid":"PROGRAMACION01"} {"uid":"51d13d6"}
[2019-05-13 12:18:28] api_ebl.INFO: User Login {"user":"1","sesid":"PROGRAMACION01"} {"uid":"cb70e82"}
[2019-05-13 12:19:04] api_ebl.INFO: User Login {"user":"1","sesid":"PROGRAMACION01"} {"uid":"e1861ab"}
[2019-05-13 12:49:27] api_ebl.INFO: User Login {"user":"1","sesid":"PROGRAMACION01"} {"uid":"fb35c04"}
[2019-05-13 12:49:38] api_ebl.INFO: User Login {"user":"1","sesid":"PROGRAMACION01"} {"uid":"235ec17"}
[2019-05-13 12:51:50] api_ebl.INFO: User Login {"user":"2","sesid":"PROGRAMACION01"} {"uid":"0b1de48"}
[2019-05-13 12:51:55] api_ebl.INFO: User Login {"user":"5","sesid":"PROGRAMACION01"} {"uid":"0b7b9cc"}
[2019-05-13 14:21:46] api_ebl.INFO: User Login {"user":"2","sesid":"PROGRAMACION01"} {"uid":"bcf039c"}
[2019-05-13 14:34:27] api_ebl.INFO: User Login {"user":"5","sesid":"PROGRAMACION01"} {"uid":"09b56d2"}
[2019-05-13 15:19:30] api_ebl.INFO: User Login {"user":"2","sesid":"PROGRAMACION01"} {"uid":"88bccda"}
[2019-05-13 15:19:38] api_ebl.INFO: User Login {"user":"5","sesid":"PROGRAMACION01"} {"uid":"3f88650"}
